TN:
SF:dist\src\Cx.js
FN:17,(anonymous_0)
FN:31,(anonymous_1)
FN:38,(anonymous_2)
FN:54,(anonymous_3)
FN:69,(anonymous_4)
FN:76,(anonymous_5)
FN:83,(anonymous_6)
FN:92,(anonymous_7)
FN:129,(anonymous_8)
FN:136,(anonymous_9)
FN:151,(anonymous_10)
FN:163,(anonymous_11)
FN:174,(anonymous_12)
FN:190,(anonymous_13)
FN:196,(anonymous_14)
FN:202,(anonymous_15)
FN:210,(anonymous_16)
FN:223,(anonymous_17)
FN:232,(anonymous_18)
FN:241,(anonymous_19)
FN:243,(anonymous_20)
FN:243,(anonymous_21)
FN:250,(anonymous_22)
FN:260,(anonymous_23)
FNF:24
FNH:6
FNDA:8,(anonymous_0)
FNDA:9,(anonymous_1)
FNDA:1,(anonymous_2)
FNDA:3,(anonymous_3)
FNDA:0,(anonymous_4)
FNDA:0,(anonymous_5)
FNDA:0,(anonymous_6)
FNDA:0,(anonymous_7)
FNDA:0,(anonymous_8)
FNDA:0,(anonymous_9)
FNDA:0,(anonymous_10)
FNDA:0,(anonymous_11)
FNDA:0,(anonymous_12)
FNDA:0,(anonymous_13)
FNDA:1,(anonymous_14)
FNDA:0,(anonymous_15)
FNDA:0,(anonymous_16)
FNDA:0,(anonymous_17)
FNDA:0,(anonymous_18)
FNDA:0,(anonymous_19)
FNDA:0,(anonymous_20)
FNDA:0,(anonymous_21)
FNDA:0,(anonymous_22)
FNDA:2,(anonymous_23)
DA:5,1
DA:6,1
DA:18,8
DA:19,1
DA:20,1
DA:22,8
DA:23,8
DA:24,8
DA:32,9
DA:39,1
DA:40,0
DA:42,1
DA:43,0
DA:45,1
DA:55,3
DA:56,0
DA:58,3
DA:59,0
DA:61,3
DA:62,3
DA:63,3
DA:70,0
DA:77,0
DA:84,0
DA:93,0
DA:94,0
DA:96,0
DA:97,0
DA:98,0
DA:101,0
DA:105,0
DA:106,0
DA:107,0
DA:109,0
DA:130,0
DA:137,0
DA:138,0
DA:139,0
DA:142,0
DA:152,0
DA:153,0
DA:155,0
DA:164,0
DA:165,0
DA:166,0
DA:167,0
DA:168,0
DA:175,0
DA:176,0
DA:179,0
DA:180,0
DA:181,0
DA:191,0
DA:197,1
DA:203,0
DA:211,0
DA:212,0
DA:215,0
DA:224,0
DA:233,0
DA:234,0
DA:242,0
DA:243,0
DA:244,0
DA:251,0
DA:263,2
DA:264,2
DA:265,2
DA:268,0
DA:269,0
DA:271,2
DA:274,1
LF:72
LH:23
BRDA:18,0,0,1
BRDA:18,0,1,7
BRDA:18,1,0,8
BRDA:18,1,1,7
BRDA:39,2,0,0
BRDA:39,2,1,1
BRDA:42,3,0,0
BRDA:42,3,1,1
BRDA:42,4,0,1
BRDA:42,4,1,1
BRDA:54,5,0,3
BRDA:55,6,0,0
BRDA:55,6,1,3
BRDA:58,7,0,0
BRDA:58,7,1,3
BRDA:58,8,0,3
BRDA:58,8,1,3
BRDA:93,9,0,0
BRDA:93,9,1,0
BRDA:93,10,0,0
BRDA:93,10,1,0
BRDA:96,11,0,0
BRDA:96,11,1,0
BRDA:97,12,0,0
BRDA:97,12,1,0
BRDA:106,13,0,0
BRDA:106,13,1,0
BRDA:138,14,0,0
BRDA:138,14,1,0
BRDA:151,15,0,0
BRDA:152,16,0,0
BRDA:152,16,1,0
BRDA:175,17,0,0
BRDA:175,17,1,0
BRDA:211,18,0,0
BRDA:211,18,1,0
BRDA:233,19,0,0
BRDA:233,19,1,0
BRDA:251,20,0,0
BRDA:251,20,1,0
BRDA:260,21,0,0
BRDA:263,22,0,2
BRDA:263,22,1,0
BRDA:271,23,0,2
BRDA:271,23,1,2
BRF:45
BRH:16
end_of_record
TN:
SF:dist\src\TopSurface.js
FN:14,(anonymous_0)
FN:27,(anonymous_1)
FN:43,(anonymous_2)
FN:60,(anonymous_3)
FN:71,(anonymous_4)
FN:103,(anonymous_5)
FN:110,(anonymous_6)
FN:130,(anonymous_7)
FNF:8
FNH:6
FNDA:0,(anonymous_0)
FNDA:4,(anonymous_1)
FNDA:0,(anonymous_2)
FNDA:1,(anonymous_3)
FNDA:1,(anonymous_4)
FNDA:3,(anonymous_5)
FNDA:1,(anonymous_6)
FNDA:2,(anonymous_7)
DA:4,1
DA:5,1
DA:15,0
DA:18,1
DA:28,4
DA:31,1
DA:44,0
DA:45,0
DA:46,0
DA:47,0
DA:50,1
DA:61,1
DA:62,1
DA:63,1
DA:74,1
DA:75,1
DA:76,1
DA:77,1
DA:80,0
DA:82,1
DA:83,1
DA:86,0
DA:88,1
DA:91,1
DA:94,1
DA:104,3
DA:111,1
DA:114,1
DA:131,2
DA:132,2
DA:133,2
DA:136,1
LF:32
LH:25
BRDA:74,0,0,1
BRDA:74,0,1,0
BRDA:75,1,0,1
BRDA:75,1,1,1
BRDA:76,2,0,1
BRDA:76,2,1,0
BRDA:82,3,0,1
BRDA:82,3,1,0
BRDA:130,4,0,2
BRF:9
BRH:6
end_of_record
